13:28:23,567 class:18-display error msg
13:28:23,570 class:19-display fatal msg
09:13:39,725 class:14-display trace msg
09:13:39,801 class:15-display debug msg
09:13:39,801 class:16-display info msg
09:13:39,818 class:17-display warn msg
09:13:39,818 class:18-display error msg
09:13:39,818 class:19-display fatal msg
18:26:56,596 class:13-display trace msg
18:26:56,598 class:14-display debug msg
18:26:56,599 class:15-display info msg
18:26:56,599 class:16-display warn msg
18:26:56,599 class:17-display error msg
18:26:56,599 class:18-display fatal msg
18:27:15,385 class:13-display trace msg:vikash
18:27:15,388 class:14-display debug msg
18:27:15,388 class:15-display info msg
18:27:15,388 class:16-display warn msg
18:27:15,389 class:17-display error msg
18:27:15,389 class:18-display fatal msg
